<?xml version="1.0" encoding="UTF-8"?>
<testsuite xmlns:xsi="http://www.w3.org/2001/XMLSchema-instance" xsi:noNamespaceSchemaLocation="https://maven.apache.org/surefire/maven-surefire-plugin/xsd/surefire-test-report.xsd" name="MoneyTest" time="0.041" tests="7" errors="0" skipped="0" failures="0">
  <properties>
[...]
</properties>
  <testcase name="testSimpleAddition" classname="MoneyTest" time="0.024"/>
  <testcase name="testMultiplication" classname="MoneyTest" time="0.001"/>
  <testcase name="testDifferentClassEquality" classname="MoneyTest" time="0.001"/>
  <testcase name="testFrancMultiplication" classname="MoneyTest" time="0.001"/>
  <testcase name="testCurrency" classname="MoneyTest" time="0"/>
  <testcase name="testEquality" classname="MoneyTest" time="0"/>
  <testcase name="testEqualityWithTwoCurrencies" classname="MoneyTest" time="0"/>
</testsuite>